<?xml version="1.0" encoding="UTF-8"?>
<!-- Generated by org.testng.reporters.JUnitXMLReporter -->
<testsuite hostname="GYAN-LAB-PC3" ignored="0" name="Default test" tests="2" failures="0" timestamp="29 Jan 2019 10:55:44 GMT" time="0.047" errors="0">
  <testcase name="@BeforeSuite SetUp" time="0.015" classname="com.TestCase.LoginPageTest">
    <failure type="java.lang.NullPointerException" message="key can&amp;apos;t be null">
      <![CDATA[java.lang.NullPointerException: key can't be null
at java.lang.System.checkKey(System.java:838)
at java.lang.System.setProperty(System.java:789)
at com.Qa.TestBaseDemo.TestBase.initialization(TestBase.java:28)
at com.TestCase.LoginPageTest.SetUp(LoginPageTest.java:23)
at sun.reflect.NativeMethodAccessorImpl.invoke0(Native Method)
at sun.reflect.NativeMethodAccessorImpl.invoke(NativeMethodAccessorImpl.java:62)
at sun.reflect.DelegatingMethodAccessorImpl.invoke(DelegatingMethodAccessorImpl.java:43)
at java.lang.reflect.Method.invoke(Method.java:498)
at org.testng.internal.MethodInvocationHelper.invokeMethod(MethodInvocationHelper.java:124)
at org.testng.internal.MethodInvocationHelper.invokeMethodConsideringTimeout(MethodInvocationHelper.java:59)
at org.testng.internal.Invoker.invokeConfigurationMethod(Invoker.java:458)
at org.testng.internal.Invoker.invokeConfigurations(Invoker.java:222)
at org.testng.internal.Invoker.invokeConfigurations(Invoker.java:142)
at org.testng.SuiteRunner.privateRun(SuiteRunner.java:401)
at org.testng.SuiteRunner.run(SuiteRunner.java:364)
at org.testng.SuiteRunnerWorker.runSuite(SuiteRunnerWorker.java:52)
at org.testng.SuiteRunnerWorker.run(SuiteRunnerWorker.java:84)
at org.testng.TestNG.runSuitesSequentially(TestNG.java:1208)
at org.testng.TestNG.runSuitesLocally(TestNG.java:1137)
at org.testng.TestNG.runSuites(TestNG.java:1049)
at org.testng.TestNG.run(TestNG.java:1017)
at org.testng.remote.AbstractRemoteTestNG.run(AbstractRemoteTestNG.java:114)
at org.testng.remote.RemoteTestNG.initAndRun(RemoteTestNG.java:251)
at org.testng.remote.RemoteTestNG.main(RemoteTestNG.java:77)
]]>
    </failure>
  </testcase> <!-- @BeforeSuite SetUp -->
  <testcase name="CheckTitle" time="0.0" classname="com.TestCase.LoginPageTest">
    <skipped/>
  </testcase> <!-- CheckTitle -->
  <testcase name="Login" time="0.0" classname="com.TestCase.LoginPageTest">
    <skipped/>
  </testcase> <!-- Login -->
</testsuite> <!-- Default test -->
