<?xml version="1.0" encoding="UTF-8"?>
<testng-results skipped="0" failed="0" ignored="0" total="2" passed="2">
  <reporter-output>
  </reporter-output>
  <suite name="Suite" duration-ms="6220" started-at="2019-01-29T11:00:46Z" finished-at="2019-01-29T11:00:53Z">
    <groups>
    </groups>
    <test name="Test" duration-ms="6220" started-at="2019-01-29T11:00:46Z" finished-at="2019-01-29T11:00:53Z">
      <class name="com.TestCase.LoginPageTest">
        <test-method status="PASS" signature="SetUp()[pri:0, instance:com.TestCase.LoginPageTest@be83e4]" name="SetUp" is-config="true" duration-ms="32609" started-at="2019-01-29T11:00:14Z" finished-at="2019-01-29T11:00:46Z">
          <reporter-output>
          </reporter-output>
        </test-method> <!-- SetUp -->
        <test-method status="PASS" signature="CheckTitle()[pri:0, instance:com.TestCase.LoginPageTest@be83e4]" name="CheckTitle" duration-ms="0" started-at="2019-01-29T11:00:46Z" finished-at="2019-01-29T11:00:46Z">
          <reporter-output>
          </reporter-output>
        </test-method> <!-- CheckTitle -->
        <test-method status="PASS" signature="Login()[pri:0, instance:com.TestCase.LoginPageTest@be83e4]" name="Login" duration-ms="6182" started-at="2019-01-29T11:00:46Z" finished-at="2019-01-29T11:00:53Z">
          <reporter-output>
          </reporter-output>
        </test-method> <!-- Login -->
        <test-method status="PASS" signature="Close_Browser()[pri:0, instance:com.TestCase.LoginPageTest@be83e4]" name="Close_Browser" is-config="true" duration-ms="2543" started-at="2019-01-29T11:00:53Z" finished-at="2019-01-29T11:00:55Z">
          <reporter-output>
          </reporter-output>
        </test-method> <!-- Close_Browser -->
      </class> <!-- com.TestCase.LoginPageTest -->
    </test> <!-- Test -->
  </suite> <!-- Suite -->
</testng-results>
